[packdigital.click/pack-capcut/indexf9db.html]
[backblue.gif]
[fade.gif]
[index.html]
[packdigital.click/wp-content/plugins/op-builder/public/assets/css/op3-reboote63c.css]
[packdigital.click/pack-capcut/index.html]
[packdigital.click/wp-content/plugins/op-builder/public/assets/cache/page-11646994.css]
[packdigital.click/wp-includes/js/jquery/jquery.minf43b.js]
[packdigital.click/wp-includes/js/jquery/jquery-migrate.min5589.js]
[packdigital.click/wp-content/uploads/2023/01/cropped-325969969_774069150966747_6968023406538767248_n-32x32.jpg]
[packdigital.click/wp-content/uploads/2023/01/cropped-325969969_774069150966747_6968023406538767248_n-192x192.jpg]
[packdigital.click/wp-content/uploads/2023/01/cropped-325969969_774069150966747_6968023406538767248_n-180x180.jpg]
[packdigital.click/wp-content/uploads/2023/01/diseno-sin-titulo-4.png]
[packdigital.click/wp-content/uploads/2023/01/photo_2022-11-22_15-51-44.jpg]
[packdigital.click/wp-content/uploads/2023/01/photo_2022-11-22_15-51-48.jpg]
[packdigital.click/wp-content/uploads/2023/01/photo_2022-11-22_15-51-51.jpg]
[packdigital.click/wp-content/uploads/2023/01/photo_2022-11-22_16-07-45.jpg]
[packdigital.click/wp-content/uploads/2023/01/photo_2022-11-22_16-07-48.jpg]
[packdigital.click/wp-content/uploads/2023/01/photo_2022-11-22_16-07-52.jpg]
[packdigital.click/wp-content/uploads/2023/01/photo_2022-11-22_16-07-56.jpg]
[packdigital.click/wp-content/uploads/2023/01/photo_2023-01-22_11-04-28-576x1280.jpg]
[packdigital.click/wp-content/uploads/2023/01/photo_2023-01-22_11-04-34-576x1280.jpg]
[packdigital.click/wp-content/uploads/2023/01/photo_2023-01-22_11-04-39-576x1280.jpg]
[packdigital.click/wp-content/uploads/2023/01/sello-garantia-100x100-satisfaccion.png]
[packdigital.click/wp-content/plugins/ml-slider/assets/sliders/flexslider/flexsliderf117.css]
[packdigital.click/wp-content/plugins/ml-slider/assets/metaslider/publicf117.css]
[packdigital.click/wp-content/plugins/op-builder/public/assets/cache/page-11646994.js]
[packdigital.click/pack-capcut/indexf9db.html]
[packdigital.click/wp-content/plugins/ml-slider/assets/sliders/flexslider/jquery.flexslider.minf117.js]
[packdigital.click/pack-capcut/index.html]
[packdigital.click/wp-content/plugins/op-builder/public/assets/css/op3-reboote63c.css]
[connect.facebook.net/en_US/fbevents.js]
[packdigital.click/wp-content/uploads/2023/01/diseno-sin-titulo-3-1.jpg]
[packdigital.click/wp-content/uploads/2023/01/diseno-sin-titulo-3-1-300x169-1.jpg]
[packdigital.click/wp-content/plugins/op-builder/public/assets/cache/page-11646994.css]
[packdigital.click/wp-content/uploads/2023/01/cropped-325969969_774069150966747_6968023406538767248_n-270x270.jpg]
[packdigital.click/wp-content/uploads/2024/04/Historia-de-instagram-black-friday-celulares-moderno-negro.jpg]
[packdigital.click/wp-content/plugins/ml-slider/assets/sliders/flexslider/fonts/flexslider-icon.eot]
[packdigital.click/wp-content/uploads/2024/04/Historia-de-instagram-black-friday-celulares-moderno-negro.png]
[packdigital.click/wp-content/plugins/ml-slider/assets/sliders/flexslider/fonts/flexslider-icond41d.eot]
[packdigital.click/wp-content/plugins/ml-slider/assets/sliders/flexslider/fonts/flexslider-icon.woff]
[packdigital.click/wp-content/plugins/ml-slider/assets/sliders/flexslider/fonts/flexslider-icon.ttf]
[packdigital.click/wp-content/plugins/ml-slider/assets/sliders/flexslider/flexsliderf117.css]
[packdigital.click/wp-content/plugins/ml-slider/assets/sliders/flexslider/fonts/flexslider-icon.svg]
[packdigital.click/wp-content/plugins/ml-slider/assets/metaslider/bg_direction_nav.png]
[packdigital.click/wp-content/plugins/ml-slider/assets/metaslider/publicf117.css]
[packdigital.click/pack-capcut/a]
[packdigital.click/pack-capcut/POST]
[packdigital.click/pack-capcut/b.resolvedLink]
[packdigital.click/pack-capcut/schema.org/index.html]
[packdigital.click/signals/iwl.js]
[connect.facebook.net/en_US/fbevents.js]
[packdigital.click/wp-content/plugins/ml-slider/assets/sliders/flexslider/fonts/flexslider-icon.svg]
[packdigital.click/pack-capcut/a.html]
[packdigital.click/pack-capcut/POST.html]
[packdigital.click/pack-capcut/schema.org/index.html]
[packdigital.click/pack-capcut/b.html]
[packdigital.click/signals/iwl.html]
